<?xml version="1.0" encoding="UTF-8"?>
<testsuite xmlns:xsi="http://www.w3.org/2001/XMLSchema-instance" xsi:noNamespaceSchemaLocation="https://maven.apache.org/surefire/maven-surefire-plugin/xsd/surefire-test-report.xsd" version="3.0.1" name="TestSuite" time="17.635" tests="1" errors="0" skipped="0" failures="0">
  <properties>
    <property name="java.specification.version" value="21"/>
    <property name="webdriver.chrome.driver" value="C:\Users\lavanyabala\.cache\selenium\chromedriver\win64\130.0.6723.91\chromedriver.exe"/>
    <property name="sun.cpu.isalist" value="amd64"/>
    <property name="sun.jnu.encoding" value="Cp1252"/>
    <property name="java.class.path" value="C:\Users\lavanyabala\eclipse-workspace\Flights_Inter_Assignment_PS4\target\test-classes;C:\Users\lavanyabala\eclipse-workspace\Flights_Inter_Assignment_PS4\target\classes;C:\Users\lavanyabala\.m2\repository\org\testng\testng\7.8.0\testng-7.8.0.jar;C:\Users\lavanyabala\.m2\repository\org\slf4j\slf4j-api\1.7.36\slf4j-api-1.7.36.jar;C:\Users\lavanyabala\.m2\repository\com\beust\jcommander\1.82\jcommander-1.82.jar;C:\Users\lavanyabala\.m2\repository\org\webjars\jquery\3.6.1\jquery-3.6.1.jar;C:\Users\lavanyabala\.m2\repository\org\seleniumhq\selenium\selenium-java\4.14.0\selenium-java-4.14.0.jar;C:\Users\lavanyabala\.m2\repository\org\seleniumhq\selenium\selenium-api\4.14.0\selenium-api-4.14.0.jar;C:\Users\lavanyabala\.m2\repository\org\seleniumhq\selenium\selenium-chrome-driver\4.14.0\selenium-chrome-driver-4.14.0.jar;C:\Users\lavanyabala\.m2\repository\com\google\auto\service\auto-service-annotations\1.1.1\auto-service-annotations-1.1.1.jar;C:\Users\lavanyabala\.m2\repository\com\google\guava\guava\32.1.2-jre\guava-32.1.2-jre.jar;C:\Users\lavanyabala\.m2\repository\com\google\guava\failureaccess\1.0.1\failureaccess-1.0.1.jar;C:\Users\lavanyabala\.m2\repository\com\google\guava\listenablefuture\9999.0-empty-to-avoid-conflict-with-guava\listenablefuture-9999.0-empty-to-avoid-conflict-with-guava.jar;C:\Users\lavanyabala\.m2\repository\com\google\code\findbugs\jsr305\3.0.2\jsr305-3.0.2.jar;C:\Users\lavanyabala\.m2\repository\org\checkerframework\checker-qual\3.33.0\checker-qual-3.33.0.jar;C:\Users\lavanyabala\.m2\repository\com\google\errorprone\error_prone_annotations\2.18.0\error_prone_annotations-2.18.0.jar;C:\Users\lavanyabala\.m2\repository\com\google\j2objc\j2objc-annotations\2.8\j2objc-annotations-2.8.jar;C:\Users\lavanyabala\.m2\repository\org\seleniumhq\selenium\selenium-chromium-driver\4.14.0\selenium-chromium-driver-4.14.0.jar;C:\Users\lavanyabala\.m2\repository\org\seleniumhq\selenium\selenium-json\4.14.0\selenium-json-4.14.0.jar;C:\Users\lavanyabala\.m2\repository\org\seleniumhq\selenium\selenium-manager\4.14.0\selenium-manager-4.14.0.jar;C:\Users\lavanyabala\.m2\repository\org\seleniumhq\selenium\selenium-devtools-v116\4.14.0\selenium-devtools-v116-4.14.0.jar;C:\Users\lavanyabala\.m2\repository\org\seleniumhq\selenium\selenium-devtools-v117\4.14.0\selenium-devtools-v117-4.14.0.jar;C:\Users\lavanyabala\.m2\repository\org\seleniumhq\selenium\selenium-devtools-v118\4.14.0\selenium-devtools-v118-4.14.0.jar;C:\Users\lavanyabala\.m2\repository\org\seleniumhq\selenium\selenium-devtools-v85\4.14.0\selenium-devtools-v85-4.14.0.jar;C:\Users\lavanyabala\.m2\repository\org\seleniumhq\selenium\selenium-edge-driver\4.14.0\selenium-edge-driver-4.14.0.jar;C:\Users\lavanyabala\.m2\repository\org\seleniumhq\selenium\selenium-firefox-driver\4.14.0\selenium-firefox-driver-4.14.0.jar;C:\Users\lavanyabala\.m2\repository\org\seleniumhq\selenium\selenium-http\4.14.0\selenium-http-4.14.0.jar;C:\Users\lavanyabala\.m2\repository\dev\failsafe\failsafe\3.3.2\failsafe-3.3.2.jar;C:\Users\lavanyabala\.m2\repository\org\seleniumhq\selenium\selenium-ie-driver\4.14.0\selenium-ie-driver-4.14.0.jar;C:\Users\lavanyabala\.m2\repository\org\seleniumhq\selenium\selenium-remote-driver\4.14.0\selenium-remote-driver-4.14.0.jar;C:\Users\lavanyabala\.m2\repository\io\opentelemetry\opentelemetry-api\1.28.0\opentelemetry-api-1.28.0.jar;C:\Users\lavanyabala\.m2\repository\io\opentelemetry\opentelemetry-context\1.28.0\opentelemetry-context-1.28.0.jar;C:\Users\lavanyabala\.m2\repository\io\opentelemetry\opentelemetry-exporter-logging\1.28.0\opentelemetry-exporter-logging-1.28.0.jar;C:\Users\lavanyabala\.m2\repository\io\opentelemetry\opentelemetry-sdk-metrics\1.28.0\opentelemetry-sdk-metrics-1.28.0.jar;C:\Users\lavanyabala\.m2\repository\io\opentelemetry\opentelemetry-extension-incubator\1.28.0-alpha\opentelemetry-extension-incubator-1.28.0-alpha.jar;C:\Users\lavanyabala\.m2\repository\io\opentelemetry\opentelemetry-sdk-logs\1.28.0\opentelemetry-sdk-logs-1.28.0.jar;C:\Users\lavanyabala\.m2\repository\io\opentelemetry\opentelemetry-sdk-common\1.28.0\opentelemetry-sdk-common-1.28.0.jar;C:\Users\lavanyabala\.m2\repository\io\opentelemetry\opentelemetry-sdk-extension-autoconfigure-spi\1.28.0\opentelemetry-sdk-extension-autoconfigure-spi-1.28.0.jar;C:\Users\lavanyabala\.m2\repository\io\opentelemetry\opentelemetry-sdk-extension-autoconfigure\1.28.0\opentelemetry-sdk-extension-autoconfigure-1.28.0.jar;C:\Users\lavanyabala\.m2\repository\io\opentelemetry\opentelemetry-api-events\1.28.0-alpha\opentelemetry-api-events-1.28.0-alpha.jar;C:\Users\lavanyabala\.m2\repository\io\opentelemetry\opentelemetry-sdk-trace\1.28.0\opentelemetry-sdk-trace-1.28.0.jar;C:\Users\lavanyabala\.m2\repository\io\opentelemetry\opentelemetry-sdk\1.28.0\opentelemetry-sdk-1.28.0.jar;C:\Users\lavanyabala\.m2\repository\io\opentelemetry\opentelemetry-semconv\1.28.0-alpha\opentelemetry-semconv-1.28.0-alpha.jar;C:\Users\lavanyabala\.m2\repository\net\bytebuddy\byte-buddy\1.14.5\byte-buddy-1.14.5.jar;C:\Users\lavanyabala\.m2\repository\org\seleniumhq\selenium\selenium-os\4.14.0\selenium-os-4.14.0.jar;C:\Users\lavanyabala\.m2\repository\org\apache\commons\commons-exec\1.3\commons-exec-1.3.jar;C:\Users\lavanyabala\.m2\repository\org\seleniumhq\selenium\selenium-safari-driver\4.14.0\selenium-safari-driver-4.14.0.jar;C:\Users\lavanyabala\.m2\repository\org\seleniumhq\selenium\selenium-support\4.14.0\selenium-support-4.14.0.jar;C:\Users\lavanyabala\.m2\repository\io\github\bonigarcia\webdrivermanager\5.5.3\webdrivermanager-5.5.3.jar;C:\Users\lavanyabala\.m2\repository\com\google\code\gson\gson\2.10.1\gson-2.10.1.jar;C:\Users\lavanyabala\.m2\repository\com\github\docker-java\docker-java\3.3.3\docker-java-3.3.3.jar;C:\Users\lavanyabala\.m2\repository\com\github\docker-java\docker-java-core\3.3.3\docker-java-core-3.3.3.jar;C:\Users\lavanyabala\.m2\repository\com\github\docker-java\docker-java-api\3.3.3\docker-java-api-3.3.3.jar;C:\Users\lavanyabala\.m2\repository\com\fasterxml\jackson\core\jackson-annotations\2.10.3\jackson-annotations-2.10.3.jar;C:\Users\lavanyabala\.m2\repository\commons-io\commons-io\2.6\commons-io-2.6.jar;C:\Users\lavanyabala\.m2\repository\org\apache\commons\commons-compress\1.21\commons-compress-1.21.jar;C:\Users\lavanyabala\.m2\repository\com\fasterxml\jackson\core\jackson-databind\2.10.3\jackson-databind-2.10.3.jar;C:\Users\lavanyabala\.m2\repository\com\fasterxml\jackson\core\jackson-core\2.10.3\jackson-core-2.10.3.jar;C:\Users\lavanyabala\.m2\repository\org\bouncycastle\bcpkix-jdk18on\1.75\bcpkix-jdk18on-1.75.jar;C:\Users\lavanyabala\.m2\repository\org\bouncycastle\bcprov-jdk18on\1.75\bcprov-jdk18on-1.75.jar;C:\Users\lavanyabala\.m2\repository\org\bouncycastle\bcutil-jdk18on\1.75\bcutil-jdk18on-1.75.jar;C:\Users\lavanyabala\.m2\repository\org\slf4j\jcl-over-slf4j\1.7.30\jcl-over-slf4j-1.7.30.jar;C:\Users\lavanyabala\.m2\repository\com\github\docker-java\docker-java-transport-httpclient5\3.3.3\docker-java-transport-httpclient5-3.3.3.jar;C:\Users\lavanyabala\.m2\repository\com\github\docker-java\docker-java-transport\3.3.3\docker-java-transport-3.3.3.jar;C:\Users\lavanyabala\.m2\repository\net\java\dev\jna\jna\5.12.1\jna-5.12.1.jar;C:\Users\lavanyabala\.m2\repository\org\brotli\dec\0.1.2\dec-0.1.2.jar;C:\Users\lavanyabala\.m2\repository\org\apache\commons\commons-lang3\3.13.0\commons-lang3-3.13.0.jar;C:\Users\lavanyabala\.m2\repository\org\apache\httpcomponents\client5\httpclient5\5.2.1\httpclient5-5.2.1.jar;C:\Users\lavanyabala\.m2\repository\org\apache\httpcomponents\core5\httpcore5\5.2\httpcore5-5.2.jar;C:\Users\lavanyabala\.m2\repository\org\apache\httpcomponents\core5\httpcore5-h2\5.2\httpcore5-h2-5.2.jar;C:\Users\lavanyabala\.m2\repository\org\slf4j\slf4j-simple\2.0.9\slf4j-simple-2.0.9.jar;"/>
    <property name="java.vm.vendor" value="Oracle Corporation"/>
    <property name="sun.arch.data.model" value="64"/>
    <property name="user.variant" value=""/>
    <property name="java.vendor.url" value="https://java.oracle.com/"/>
    <property name="user.timezone" value="Asia/Calcutta"/>
    <property name="os.name" value="Windows 11"/>
    <property name="java.vm.specification.version" value="21"/>
    <property name="sun.java.launcher" value="SUN_STANDARD"/>
    <property name="user.country" value="IN"/>
    <property name="sun.boot.library.path" value="C:\Program Files\Java\jdk-21\bin"/>
    <property name="sun.java.command" value="C:\Users\lavanyabala\AppData\Local\Temp\surefire15580279531457816377\surefirebooter-20241101164135506_3.jar C:\Users\lavanyabala\AppData\Local\Temp\surefire15580279531457816377 2024-11-01T16-41-35_315-jvmRun1 surefire-20241101164135506_1tmp surefire_0-20241101164135506_2tmp"/>
    <property name="jdk.debug" value="release"/>
    <property name="surefire.test.class.path" value="C:\Users\lavanyabala\eclipse-workspace\Flights_Inter_Assignment_PS4\target\test-classes;C:\Users\lavanyabala\eclipse-workspace\Flights_Inter_Assignment_PS4\target\classes;C:\Users\lavanyabala\.m2\repository\org\testng\testng\7.8.0\testng-7.8.0.jar;C:\Users\lavanyabala\.m2\repository\org\slf4j\slf4j-api\1.7.36\slf4j-api-1.7.36.jar;C:\Users\lavanyabala\.m2\repository\com\beust\jcommander\1.82\jcommander-1.82.jar;C:\Users\lavanyabala\.m2\repository\org\webjars\jquery\3.6.1\jquery-3.6.1.jar;C:\Users\lavanyabala\.m2\repository\org\seleniumhq\selenium\selenium-java\4.14.0\selenium-java-4.14.0.jar;C:\Users\lavanyabala\.m2\repository\org\seleniumhq\selenium\selenium-api\4.14.0\selenium-api-4.14.0.jar;C:\Users\lavanyabala\.m2\repository\org\seleniumhq\selenium\selenium-chrome-driver\4.14.0\selenium-chrome-driver-4.14.0.jar;C:\Users\lavanyabala\.m2\repository\com\google\auto\service\auto-service-annotations\1.1.1\auto-service-annotations-1.1.1.jar;C:\Users\lavanyabala\.m2\repository\com\google\guava\guava\32.1.2-jre\guava-32.1.2-jre.jar;C:\Users\lavanyabala\.m2\repository\com\google\guava\failureaccess\1.0.1\failureaccess-1.0.1.jar;C:\Users\lavanyabala\.m2\repository\com\google\guava\listenablefuture\9999.0-empty-to-avoid-conflict-with-guava\listenablefuture-9999.0-empty-to-avoid-conflict-with-guava.jar;C:\Users\lavanyabala\.m2\repository\com\google\code\findbugs\jsr305\3.0.2\jsr305-3.0.2.jar;C:\Users\lavanyabala\.m2\repository\org\checkerframework\checker-qual\3.33.0\checker-qual-3.33.0.jar;C:\Users\lavanyabala\.m2\repository\com\google\errorprone\error_prone_annotations\2.18.0\error_prone_annotations-2.18.0.jar;C:\Users\lavanyabala\.m2\repository\com\google\j2objc\j2objc-annotations\2.8\j2objc-annotations-2.8.jar;C:\Users\lavanyabala\.m2\repository\org\seleniumhq\selenium\selenium-chromium-driver\4.14.0\selenium-chromium-driver-4.14.0.jar;C:\Users\lavanyabala\.m2\repository\org\seleniumhq\selenium\selenium-json\4.14.0\selenium-json-4.14.0.jar;C:\Users\lavanyabala\.m2\repository\org\seleniumhq\selenium\selenium-manager\4.14.0\selenium-manager-4.14.0.jar;C:\Users\lavanyabala\.m2\repository\org\seleniumhq\selenium\selenium-devtools-v116\4.14.0\selenium-devtools-v116-4.14.0.jar;C:\Users\lavanyabala\.m2\repository\org\seleniumhq\selenium\selenium-devtools-v117\4.14.0\selenium-devtools-v117-4.14.0.jar;C:\Users\lavanyabala\.m2\repository\org\seleniumhq\selenium\selenium-devtools-v118\4.14.0\selenium-devtools-v118-4.14.0.jar;C:\Users\lavanyabala\.m2\repository\org\seleniumhq\selenium\selenium-devtools-v85\4.14.0\selenium-devtools-v85-4.14.0.jar;C:\Users\lavanyabala\.m2\repository\org\seleniumhq\selenium\selenium-edge-driver\4.14.0\selenium-edge-driver-4.14.0.jar;C:\Users\lavanyabala\.m2\repository\org\seleniumhq\selenium\selenium-firefox-driver\4.14.0\selenium-firefox-driver-4.14.0.jar;C:\Users\lavanyabala\.m2\repository\org\seleniumhq\selenium\selenium-http\4.14.0\selenium-http-4.14.0.jar;C:\Users\lavanyabala\.m2\repository\dev\failsafe\failsafe\3.3.2\failsafe-3.3.2.jar;C:\Users\lavanyabala\.m2\repository\org\seleniumhq\selenium\selenium-ie-driver\4.14.0\selenium-ie-driver-4.14.0.jar;C:\Users\lavanyabala\.m2\repository\org\seleniumhq\selenium\selenium-remote-driver\4.14.0\selenium-remote-driver-4.14.0.jar;C:\Users\lavanyabala\.m2\repository\io\opentelemetry\opentelemetry-api\1.28.0\opentelemetry-api-1.28.0.jar;C:\Users\lavanyabala\.m2\repository\io\opentelemetry\opentelemetry-context\1.28.0\opentelemetry-context-1.28.0.jar;C:\Users\lavanyabala\.m2\repository\io\opentelemetry\opentelemetry-exporter-logging\1.28.0\opentelemetry-exporter-logging-1.28.0.jar;C:\Users\lavanyabala\.m2\repository\io\opentelemetry\opentelemetry-sdk-metrics\1.28.0\opentelemetry-sdk-metrics-1.28.0.jar;C:\Users\lavanyabala\.m2\repository\io\opentelemetry\opentelemetry-extension-incubator\1.28.0-alpha\opentelemetry-extension-incubator-1.28.0-alpha.jar;C:\Users\lavanyabala\.m2\repository\io\opentelemetry\opentelemetry-sdk-logs\1.28.0\opentelemetry-sdk-logs-1.28.0.jar;C:\Users\lavanyabala\.m2\repository\io\opentelemetry\opentelemetry-sdk-common\1.28.0\opentelemetry-sdk-common-1.28.0.jar;C:\Users\lavanyabala\.m2\repository\io\opentelemetry\opentelemetry-sdk-extension-autoconfigure-spi\1.28.0\opentelemetry-sdk-extension-autoconfigure-spi-1.28.0.jar;C:\Users\lavanyabala\.m2\repository\io\opentelemetry\opentelemetry-sdk-extension-autoconfigure\1.28.0\opentelemetry-sdk-extension-autoconfigure-1.28.0.jar;C:\Users\lavanyabala\.m2\repository\io\opentelemetry\opentelemetry-api-events\1.28.0-alpha\opentelemetry-api-events-1.28.0-alpha.jar;C:\Users\lavanyabala\.m2\repository\io\opentelemetry\opentelemetry-sdk-trace\1.28.0\opentelemetry-sdk-trace-1.28.0.jar;C:\Users\lavanyabala\.m2\repository\io\opentelemetry\opentelemetry-sdk\1.28.0\opentelemetry-sdk-1.28.0.jar;C:\Users\lavanyabala\.m2\repository\io\opentelemetry\opentelemetry-semconv\1.28.0-alpha\opentelemetry-semconv-1.28.0-alpha.jar;C:\Users\lavanyabala\.m2\repository\net\bytebuddy\byte-buddy\1.14.5\byte-buddy-1.14.5.jar;C:\Users\lavanyabala\.m2\repository\org\seleniumhq\selenium\selenium-os\4.14.0\selenium-os-4.14.0.jar;C:\Users\lavanyabala\.m2\repository\org\apache\commons\commons-exec\1.3\commons-exec-1.3.jar;C:\Users\lavanyabala\.m2\repository\org\seleniumhq\selenium\selenium-safari-driver\4.14.0\selenium-safari-driver-4.14.0.jar;C:\Users\lavanyabala\.m2\repository\org\seleniumhq\selenium\selenium-support\4.14.0\selenium-support-4.14.0.jar;C:\Users\lavanyabala\.m2\repository\io\github\bonigarcia\webdrivermanager\5.5.3\webdrivermanager-5.5.3.jar;C:\Users\lavanyabala\.m2\repository\com\google\code\gson\gson\2.10.1\gson-2.10.1.jar;C:\Users\lavanyabala\.m2\repository\com\github\docker-java\docker-java\3.3.3\docker-java-3.3.3.jar;C:\Users\lavanyabala\.m2\repository\com\github\docker-java\docker-java-core\3.3.3\docker-java-core-3.3.3.jar;C:\Users\lavanyabala\.m2\repository\com\github\docker-java\docker-java-api\3.3.3\docker-java-api-3.3.3.jar;C:\Users\lavanyabala\.m2\repository\com\fasterxml\jackson\core\jackson-annotations\2.10.3\jackson-annotations-2.10.3.jar;C:\Users\lavanyabala\.m2\repository\commons-io\commons-io\2.6\commons-io-2.6.jar;C:\Users\lavanyabala\.m2\repository\org\apache\commons\commons-compress\1.21\commons-compress-1.21.jar;C:\Users\lavanyabala\.m2\repository\com\fasterxml\jackson\core\jackson-databind\2.10.3\jackson-databind-2.10.3.jar;C:\Users\lavanyabala\.m2\repository\com\fasterxml\jackson\core\jackson-core\2.10.3\jackson-core-2.10.3.jar;C:\Users\lavanyabala\.m2\repository\org\bouncycastle\bcpkix-jdk18on\1.75\bcpkix-jdk18on-1.75.jar;C:\Users\lavanyabala\.m2\repository\org\bouncycastle\bcprov-jdk18on\1.75\bcprov-jdk18on-1.75.jar;C:\Users\lavanyabala\.m2\repository\org\bouncycastle\bcutil-jdk18on\1.75\bcutil-jdk18on-1.75.jar;C:\Users\lavanyabala\.m2\repository\org\slf4j\jcl-over-slf4j\1.7.30\jcl-over-slf4j-1.7.30.jar;C:\Users\lavanyabala\.m2\repository\com\github\docker-java\docker-java-transport-httpclient5\3.3.3\docker-java-transport-httpclient5-3.3.3.jar;C:\Users\lavanyabala\.m2\repository\com\github\docker-java\docker-java-transport\3.3.3\docker-java-transport-3.3.3.jar;C:\Users\lavanyabala\.m2\repository\net\java\dev\jna\jna\5.12.1\jna-5.12.1.jar;C:\Users\lavanyabala\.m2\repository\org\brotli\dec\0.1.2\dec-0.1.2.jar;C:\Users\lavanyabala\.m2\repository\org\apache\commons\commons-lang3\3.13.0\commons-lang3-3.13.0.jar;C:\Users\lavanyabala\.m2\repository\org\apache\httpcomponents\client5\httpclient5\5.2.1\httpclient5-5.2.1.jar;C:\Users\lavanyabala\.m2\repository\org\apache\httpcomponents\core5\httpcore5\5.2\httpcore5-5.2.jar;C:\Users\lavanyabala\.m2\repository\org\apache\httpcomponents\core5\httpcore5-h2\5.2\httpcore5-h2-5.2.jar;C:\Users\lavanyabala\.m2\repository\org\slf4j\slf4j-simple\2.0.9\slf4j-simple-2.0.9.jar;"/>
    <property name="sun.cpu.endian" value="little"/>
    <property name="user.home" value="C:\Users\lavanyabala"/>
    <property name="user.language" value="en"/>
    <property name="java.specification.vendor" value="Oracle Corporation"/>
    <property name="java.version.date" value="2024-07-16"/>
    <property name="java.home" value="C:\Program Files\Java\jdk-21"/>
    <property name="file.separator" value="\"/>
    <property name="basedir" value="C:\Users\lavanyabala\eclipse-workspace\Flights_Inter_Assignment_PS4"/>
    <property name="java.vm.compressedOopsMode" value="Zero based"/>
    <property name="line.separator" value="&#10;"/>
    <property name="java.vm.specification.vendor" value="Oracle Corporation"/>
    <property name="java.specification.name" value="Java Platform API Specification"/>
    <property name="surefire.real.class.path" value="C:\Users\lavanyabala\AppData\Local\Temp\surefire15580279531457816377\surefirebooter-20241101164135506_3.jar"/>
    <property name="user.script" value=""/>
    <property name="sun.management.compiler" value="HotSpot 64-Bit Tiered Compilers"/>
    <property name="java.runtime.version" value="21.0.4+8-LTS-274"/>
    <property name="user.name" value="LAVANYABALA"/>
    <property name="stdout.encoding" value="Cp1252"/>
    <property name="path.separator" value=";"/>
    <property name="os.version" value="10.0"/>
    <property name="java.runtime.name" value="Java(TM) SE Runtime Environment"/>
    <property name="file.encoding" value="UTF-8"/>
    <property name="java.vm.name" value="Java HotSpot(TM) 64-Bit Server VM"/>
    <property name="localRepository" value="C:\Users\lavanyabala\.m2\repository"/>
    <property name="java.vendor.url.bug" value="https://bugreport.java.com/bugreport/"/>
    <property name="java.io.tmpdir" value="C:\Users\LAVANY~1\AppData\Local\Temp\"/>
    <property name="java.version" value="21.0.4"/>
    <property name="user.dir" value="C:\Users\lavanyabala\eclipse-workspace\Flights_Inter_Assignment_PS4"/>
    <property name="os.arch" value="amd64"/>
    <property name="java.vm.specification.name" value="Java Virtual Machine Specification"/>
    <property name="sun.os.patch.level" value=""/>
    <property name="native.encoding" value="Cp1252"/>
    <property name="java.library.path" value="C:\Program Files\Java\jdk-21\bin;C:\WINDOWS\Sun\Java\bin;C:\WINDOWS\system32;C:\WINDOWS;C:\Program Files\Common Files\Oracle\Java\javapath;C:\WINDOWS\system32;C:\WINDOWS;C:\WINDOWS\System32\Wbem;C:\WINDOWS\System32\WindowsPowerShell\v1.0\;C:\WINDOWS\System32\OpenSSH\;C:\Windows\CCM;C:\Program Files\Microsoft VS Code\bin;C:\Program Files\dotnet\;C:\Program Files\Git\cmd;C:\Program Files\nodejs\;C:\Users\lavanyabala\AppData\Local\Microsoft\WindowsApps;C:\Users\lavanyabala\AppData\Local\Programs\Microsoft VS Code\bin;C:\Program Files\Java\jdk-21\bin;C:\intel\Chrome Driver 117.0.5938.149\chrome-win64;C:\intel\Apache Maven 3.9.4\apache-maven-3.9.4\bin;C:\Users\lavanyabala\AppData\Local\JetBrains\PyCharm 2024.1\bin;;;."/>
    <property name="java.vm.info" value="mixed mode, sharing"/>
    <property name="stderr.encoding" value="Cp1252"/>
    <property name="java.vendor" value="Oracle Corporation"/>
    <property name="java.vm.version" value="21.0.4+8-LTS-274"/>
    <property name="sun.io.unicode.encoding" value="UnicodeLittle"/>
    <property name="java.class.version" value="65.0"/>
  </properties>
  <testcase name="performRoundTripFlightSearch" classname="Flights_Inter_Assignment_PS4.Flights_Inter_Assignment_PS4.flightSearch" time="9.602">
    <system-out><![CDATA[Flight search results page loaded successfully.
]]></system-out>
    <system-err><![CDATA[SLF4J: Failed to load class "org.slf4j.impl.StaticLoggerBinder".
SLF4J: Defaulting to no-operation (NOP) logger implementation
SLF4J: See http://www.slf4j.org/codes.html#StaticLoggerBinder for further details.
Nov 01, 2024 4:41:40 PM org.openqa.selenium.devtools.CdpVersionFinder findNearestMatch
WARNING: Unable to find CDP implementation matching 130
Nov 01, 2024 4:41:40 PM org.openqa.selenium.chromium.ChromiumDriver lambda$new$5
WARNING: Unable to find version of CDP to use for 130.0.6723.70. You may need to include a dependency on a specific version of the CDP using something similar to `org.seleniumhq.selenium:selenium-devtools-v86:4.14.0` where the version ("v86") matches the version of the chromium-based browser you're using and the version number of the artifact is the same as Selenium's.
]]></system-err>
  </testcase>
</testsuite>