<?xml version="1.0" encoding="UTF-8"?>
<!-- Generated by org.testng.reporters.JUnitReportReporter -->
<testsuite hostname="CFLNAVALUR4431" failures="0" tests="1" name="Flights_Inter_Assignment_PS3.Flights_Inter_Assignment_PS3.MakeMyTripFlightSearch" time="13.151" errors="0" timestamp="2024-11-01T15:29:22 IST" skipped="0">
  <testcase classname="Flights_Inter_Assignment_PS3.Flights_Inter_Assignment_PS3.MakeMyTripFlightSearch" name="performRoundTripFlightSearch" time="13.151"/>
</testsuite> <!-- Flights_Inter_Assignment_PS3.Flights_Inter_Assignment_PS3.MakeMyTripFlightSearch -->
