<?xml version="1.0" encoding="UTF-8"?>
<!-- Generated by org.testng.reporters.JUnitReportReporter -->
<testsuite hostname="CFLNAVALUR4431" failures="0" tests="1" name="flightsSearch.MakeMyTripFlightSearch" time="17.568" errors="0" timestamp="2024-11-01T15:57:06 IST" skipped="0">
  <testcase classname="flightsSearch.MakeMyTripFlightSearch" name="performRoundTripFlightSearch" time="17.568"/>
</testsuite> <!-- flightsSearch.MakeMyTripFlightSearch -->
