<?xml version="1.0" encoding="UTF-8"?>
<!-- Generated by org.testng.reporters.JUnitReportReporter -->
<testsuite hostname="CFLNAVALUR4431" failures="0" tests="1" name="Flights_Inter_Assignment_PS4.Flights_Inter_Assignment_PS4.flightSearch" time="16.714" errors="0" timestamp="2024-11-01T16:41:54 IST" skipped="0">
  <testcase classname="Flights_Inter_Assignment_PS4.Flights_Inter_Assignment_PS4.flightSearch" name="performRoundTripFlightSearch" time="16.714"/>
</testsuite> <!-- Flights_Inter_Assignment_PS4.Flights_Inter_Assignment_PS4.flightSearch -->
